#
# A fatal error has been detected by the Java Runtime Environment:
#
#  SIGSEGV (0xb) at pc=0x0000000107ebb5bd, pid=5029, tid=0x0000000000002d03
#
# JRE version: Java(TM) SE Runtime Environment (8.0_381) (build 1.8.0_381-b09)
# Java VM: Java HotSpot(TM) 64-Bit Server VM (25.381-b09 mixed mode bsd-amd64 compressed oops)
# Problematic frame:
# V  [libjvm.dylib+0x4bb5bd]
#
# Failed to write core dump. Core dumps have been disabled. To enable core dumping, try "ulimit -c unlimited" before starting Java again
#
# If you would like to submit a bug report, please visit:
#   http://bugreport.java.com/bugreport/crash.jsp
#

---------------  T H R E A D  ---------------

Current thread (0x00007fe25400f000):  GCTaskThread [stack: 0x000070000c152000,0x000070000c252000] [id=11523]

siginfo: si_signo: 11 (SIGSEGV), si_code: 0 (unknown), si_addr: 0x0000000000000000

Registers:
RAX=0x000000011bbe5000, RBX=0x0000000000010000, RCX=0x007ffffffd200080, RDX=0x1fffffff48002000
RSP=0x000070000c251c80, RBP=0x000070000c251ca0, RSI=0x0000000726fd3acc, RDI=0x00007fe2548133c0
R8 =0x0000000000002cdf, R9 =0x000000010812582b, R10=0x00000001295a4490, R11=0x0100000000000000
R12=0x000000000000000a, R13=0x000000000000000a, R14=0x0000000726fd3ad8, R15=0x00007fe2548133c0
RIP=0x0000000107ebb5bd, EFLAGS=0x0000000000010202, ERR=0x0000000000000000
  TRAPNO=0x000000000000000d

Top of Stack: (sp=0x000070000c251c80)
0x000070000c251c80:   00000000000000f1 0000000726fd3acc
0x000070000c251c90:   0000000726fd3ad8 00007fe2548133c0
0x000070000c251ca0:   000070000c251d10 0000000107e7faba
0x000070000c251cb0:   0000000000000000 0000000726fd3a88
0x000070000c251cc0:   0000000726fd3aa0 0000000107ca5318
0x000070000c251cd0:   00007fe2548133c0 0000000000000000
0x000070000c251ce0:   00000007c0017ef8 00007fe254813438
0x000070000c251cf0:   00007fe25480b350 00007fe2548133c0
0x000070000c251d00:   00000001081052f8 00007fe2548133c8
0x000070000c251d10:   000070000c251dc0 0000000107ec96da
0x000070000c251d20:   0000000726fd3aa0 0000000000000000
0x000070000c251d30:   000000a00c251d00 00007fe254813480
0x000070000c251d40:   00007fe252e0af01 0000000108125801
0x000070000c251d50:   000070000bd42a50 000000010cbe5827
0x000070000c251d60:   00007fe254813438 00007fe2548134f0
0x000070000c251d70:   000070000bd42ac0 000070000bd42a58
0x000070000c251d80:   000070000c251e50 000070000c251e18
0x000070000c251d90:   00007fe25400f000 00007fe2548133c0
0x000070000c251da0:   00007fe25480b350 00000001080088e1
0x000070000c251db0:   00007fe25480b350 0000000000000001
0x000070000c251dc0:   000070000c251e80 0000000107eba850
0x000070000c251dd0:   00007fe252d0c6a8 00007fe252e094c0
0x000070000c251de0:   00007fe252e0a3f0 00007fe252e0a400
0x000070000c251df0:   00007fe252e0a7d8 00000000000003d8
0x000070000c251e00:   00000001080e4090 0000000107fe3f00
0x000070000c251e10:   00007fe2548133c0 00000001080d8ce0
0x000070000c251e20:   000070000c251e00 000070000c251e00
0x000070000c251e30:   00000001080d8cc8 00007fe252d0c600
0x000070000c251e40:   000070000c251e00 0000000000000001
0x000070000c251e50:   00000001080d8d40 0000000107c61200
0x000070000c251e60:   000070000c251e00 00007fe252d0c700
0x000070000c251e70:   00007fe25400f000 0000000000000000 

Instructions: (pc=0x0000000107ebb5bd)
0x0000000107ebb59d:   89 da 48 2b 10 48 c1 ea 03 48 8d 0d 1b 1f 23 00
0x0000000107ebb5ad:   8a 09 48 d3 ea 48 8b 40 30 48 89 d1 48 c1 e9 06
0x0000000107ebb5bd:   48 8b 04 c8 48 0f a3 d0 0f 82 1b 01 00 00 49 89
0x0000000107ebb5cd:   fe 48 8d 05 54 a2 26 00 8a 10 84 d2 74 15 8b 7b 

Register to memory mapping:

RAX=0x000000011bbe5000 is an unknown value
RBX=0x0000000000010000 is an unknown value
RCX=0x007ffffffd200080 is an unknown value
RDX=0x1fffffff48002000 is an unknown value
RSP=0x000070000c251c80 is an unknown value
RBP=0x000070000c251ca0 is an unknown value
RSI=0x0000000726fd3acc is an unknown value
RDI=0x00007fe2548133c0 is an unknown value
R8 =0x0000000000002cdf is an unknown value
R9 =0x000000010812582b: AssumeMP+0 in /Library/Java/JavaVirtualMachines/jdk-1.8.jdk/Contents/Home/jre/lib/server/libjvm.dylib at 0x0000000107a00000
R10=0x00000001295a4490 is an unknown value
R11=0x0100000000000000 is an unknown value
R12=0x000000000000000a is an unknown value
R13=0x000000000000000a is an unknown value
R14=0x0000000726fd3ad8 is an oop
java.util.LinkedHashMap$Entry 
 - klass: 'java/util/LinkedHashMap$Entry'
 - ---- fields (total size 5 words):
 - final 'hash' 'I' @12  -332649424 (ec2c2c30)
 - final strict 'key' 'Ljava/lang/Object;' @16  "basedir" (e4dfa4fb e4dfa760)
 - strict 'value' 'Ljava/lang/Object;' @20  a 'java/util/ArrayList' (e4dfa760 0)
 - strict 'next' 'Ljava/util/HashMap$Node;' @24  NULL (0 0)
 - strict 'before' 'Ljava/util/LinkedHashMap$Entry;' @28  NULL (0 e4dfa74c)
 - strict 'after' 'Ljava/util/LinkedHashMap$Entry;' @32  a 'java/util/LinkedHashMap$Entry' (e4dfa74c 0)
R15=0x00007fe2548133c0 is an unknown value


Stack: [0x000070000c152000,0x000070000c252000],  sp=0x000070000c251c80,  free space=1023k
Native frames: (J=compiled Java code, j=interpreted, Vv=VM code, C=native code)
V  [libjvm.dylib+0x4bb5bd]
V  [libjvm.dylib+0x47faba]
V  [libjvm.dylib+0x4c96da]
V  [libjvm.dylib+0x4ba850]
V  [libjvm.dylib+0x262151]
V  [libjvm.dylib+0x494987]
C  [libsystem_pthread.dylib+0x6109]  _pthread_start+0x94
C  [libsystem_pthread.dylib+0x1b8b]  thread_start+0xf


---------------  P R O C E S S  ---------------

Java Threads: ( => current thread )
  0x00007fe255067800 JavaThread "Service Thread" daemon [_thread_blocked, id=21763, stack(0x000070000d082000,0x000070000d182000)]
  0x00007fe25300d000 JavaThread "C1 CompilerThread3" daemon [_thread_blocked, id=17411, stack(0x000070000cf7f000,0x000070000d07f000)]
  0x00007fe254010800 JavaThread "C2 CompilerThread2" daemon [_thread_blocked, id=16899, stack(0x000070000ce7c000,0x000070000cf7c000)]
  0x00007fe25506d000 JavaThread "C2 CompilerThread1" daemon [_thread_blocked, id=16643, stack(0x000070000cd79000,0x000070000ce79000)]
  0x00007fe253843800 JavaThread "C2 CompilerThread0" daemon [_thread_blocked, id=16387, stack(0x000070000cc76000,0x000070000cd76000)]
  0x00007fe25380b800 JavaThread "Signal Dispatcher" daemon [_thread_blocked, id=18691, stack(0x000070000cb73000,0x000070000cc73000)]
  0x00007fe255054000 JavaThread "Finalizer" daemon [_thread_blocked, id=19971, stack(0x000070000c96a000,0x000070000ca6a000)]
  0x00007fe255051000 JavaThread "Reference Handler" daemon [_thread_blocked, id=13571, stack(0x000070000c867000,0x000070000c967000)]
  0x00007fe253809000 JavaThread "main" [_thread_blocked, id=3587, stack(0x000070000bc43000,0x000070000bd43000)]

Other Threads:
  0x00007fe25504a800 VMThread [stack: 0x000070000c764000,0x000070000c864000] [id=13059]
  0x00007fe253009000 WatcherThread [stack: 0x000070000d185000,0x000070000d285000] [id=22019]

=>0x00007fe25400f000 (exited) GCTaskThread [stack: 0x000070000c152000,0x000070000c252000] [id=11523]

VM state:at safepoint (normal execution)

VM Mutex/Monitor currently owned by a thread:  ([mutex/lock_event])
[0x00007fe252e07770] Threads_lock - owner thread: 0x00007fe25504a800
[0x00007fe252e07c70] Heap_lock - owner thread: 0x00007fe25300d000
[0x00007fe252e081f0] MethodData_lock - owner thread: 0x00007fe25300d000

heap address: 0x00000005c0000000, size: 8192 MB, Compressed Oops mode: Zero based, Oop shift amount: 3
Narrow klass base: 0x0000000000000000, Narrow klass shift: 3
Compressed class space size: 1073741824 Address: 0x00000007c0000000

Heap:
 PSYoungGen      total 284672K, used 9549K [0x0000000715580000, 0x0000000728080000, 0x00000007c0000000)
  eden space 263168K, 0% used [0x0000000715580000,0x0000000715580000,0x0000000725680000)
  from space 21504K, 44% used [0x0000000726b80000,0x00000007274d3648,0x0000000728080000)
  to   space 21504K, 0% used [0x0000000725680000,0x0000000725680000,0x0000000726b80000)
 ParOldGen       total 349696K, used 32K [0x00000005c0000000, 0x00000005d5580000, 0x0000000715580000)
  object space 349696K, 0% used [0x00000005c0000000,0x00000005c0008000,0x00000005d5580000)
 Metaspace       used 20424K, capacity 21130K, committed 21248K, reserved 1067008K
  class space    used 2521K, capacity 2719K, committed 2816K, reserved 1048576K

Card table byte_map: [0x0000000108be2000,0x0000000109be3000] byte_map_base: 0x0000000105de2000

Marking Bits: (ParMarkBitMap*) 0x000000010812fb08
 Begin Bits: [0x000000011bbe5000, 0x0000000123be5000)
 End Bits:   [0x0000000123be5000, 0x000000012bbe5000)

Polling page: 0x00000001060b2000

CodeCache: size=245760Kb used=10079Kb max_used=10092Kb free=235680Kb
 bounds [0x000000010cbe5000, 0x000000010d5d5000, 0x000000011bbe5000]
 total_blobs=3471 nmethods=3080 adapters=303
 compilation: enabled

Compilation events (10 events):
Event: 1.500 Thread 0x00007fe25300d000 nmethod 3083 0x000000010d5b8610 code [0x000000010d5b8760, 0x000000010d5b8870]
Event: 1.500 Thread 0x00007fe25300d000 3084       1       org.apache.maven.model.Resource::getTargetPath (5 bytes)
Event: 1.500 Thread 0x00007fe25300d000 nmethod 3084 0x000000010d5b8350 code [0x000000010d5b84a0, 0x000000010d5b85b0]
Event: 1.501 Thread 0x00007fe254010800 nmethod 3058 0x000000010d5c5ad0 code [0x000000010d5c5c80, 0x000000010d5c6230]
Event: 1.501 Thread 0x00007fe254010800 3041       4       org.eclipse.sisu.inject.LocatedBeans$Itr::hasNext (169 bytes)
Event: 1.501 Thread 0x00007fe25300d000 3085  s    3       java.io.FileDescriptor::attach (73 bytes)
Event: 1.501 Thread 0x00007fe25300d000 nmethod 3085 0x000000010d5c4650 code [0x000000010d5c4860, 0x000000010d5c54c8]
Event: 1.502 Thread 0x00007fe25506d000 nmethod 3049 0x000000010d5c8510 code [0x000000010d5c86a0, 0x000000010d5c8cf8]
Event: 1.502 Thread 0x00007fe25506d000 3080       4       java.util.HashSet::contains (9 bytes)
Event: 1.502 Thread 0x00007fe25300d000 3087       3       org.apache.maven.model.io.xpp3.MavenXpp3Reader::parseModel (1606 bytes)

GC Heap History (5 events):
Event: 1.310 GC heap before
{Heap before GC invocations=1 (full 0):
 PSYoungGen      total 153088K, used 131584K [0x0000000715580000, 0x0000000720000000, 0x00000007c0000000)
  eden space 131584K, 100% used [0x0000000715580000,0x000000071d600000,0x000000071d600000)
  from space 21504K, 0% used [0x000000071eb00000,0x000000071eb00000,0x0000000720000000)
  to   space 21504K, 0% used [0x000000071d600000,0x000000071d600000,0x000000071eb00000)
 ParOldGen       total 349696K, used 0K [0x00000005c0000000, 0x00000005d5580000, 0x0000000715580000)
  object space 349696K, 0% used [0x00000005c0000000,0x00000005c0000000,0x00000005d5580000)
 Metaspace       used 19568K, capacity 20198K, committed 20352K, reserved 1067008K
  class space    used 2436K, capacity 2603K, committed 2688K, reserved 1048576K
Event: 1.328 GC heap after
Heap after GC invocations=1 (full 0):
 PSYoungGen      total 153088K, used 19083K [0x0000000715580000, 0x0000000728080000, 0x00000007c0000000)
  eden space 131584K, 0% used [0x0000000715580000,0x0000000715580000,0x000000071d600000)
  from space 21504K, 88% used [0x000000071d600000,0x000000071e8a2f38,0x000000071eb00000)
  to   space 21504K, 0% used [0x0000000726b80000,0x0000000726b80000,0x0000000728080000)
 ParOldGen       total 349696K, used 24K [0x00000005c0000000, 0x00000005d5580000, 0x0000000715580000)
  object space 349696K, 0% used [0x00000005c0000000,0x00000005c0006000,0x00000005d5580000)
 Metaspace       used 19568K, capacity 20198K, committed 20352K, reserved 1067008K
  class space    used 2436K, capacity 2603K, committed 2688K, reserved 1048576K
}
Event: 1.503 GC heap before
{Heap before GC invocations=2 (full 0):
 PSYoungGen      total 153088K, used 44094K [0x0000000715580000, 0x0000000728080000, 0x00000007c0000000)
  eden space 131584K, 19% used [0x0000000715580000,0x0000000716decb00,0x000000071d600000)
  from space 21504K, 88% used [0x000000071d600000,0x000000071e8a2f38,0x000000071eb00000)
  to   space 21504K, 0% used [0x0000000726b80000,0x0000000726b80000,0x0000000728080000)
 ParOldGen       total 349696K, used 24K [0x00000005c0000000, 0x00000005d5580000, 0x0000000715580000)
  object space 349696K, 0% used [0x00000005c0000000,0x00000005c0006000,0x00000005d5580000)
 Metaspace       used 20424K, capacity 21130K, committed 21248K, reserved 1067008K
  class space    used 2521K, capacity 2719K, committed 2816K, reserved 1048576K
Event: 1.510 GC heap after
Heap after GC invocations=2 (full 0):
 PSYoungGen      total 284672K, used 9549K [0x0000000715580000, 0x0000000728080000, 0x00000007c0000000)
  eden space 263168K, 0% used [0x0000000715580000,0x0000000715580000,0x0000000725680000)
  from space 21504K, 44% used [0x0000000726b80000,0x00000007274d3648,0x0000000728080000)
  to   space 21504K, 0% used [0x0000000725680000,0x0000000725680000,0x0000000726b80000)
 ParOldGen       total 349696K, used 32K [0x00000005c0000000, 0x00000005d5580000, 0x0000000715580000)
  object space 349696K, 0% used [0x00000005c0000000,0x00000005c0008000,0x00000005d5580000)
 Metaspace       used 20424K, capacity 21130K, committed 21248K, reserved 1067008K
  class space    used 2521K, capacity 2719K, committed 2816K, reserved 1048576K
}
Event: 1.510 GC heap before
{Heap before GC invocations=3 (full 1):
 PSYoungGen      total 284672K, used 9549K [0x0000000715580000, 0x0000000728080000, 0x00000007c0000000)
  eden space 263168K, 0% used [0x0000000715580000,0x0000000715580000,0x0000000725680000)
  from space 21504K, 44% used [0x0000000726b80000,0x00000007274d3648,0x0000000728080000)
  to   space 21504K, 0% used [0x0000000725680000,0x0000000725680000,0x0000000726b80000)
 ParOldGen       total 349696K, used 32K [0x00000005c0000000, 0x00000005d5580000, 0x0000000715580000)
  object space 349696K, 0% used [0x00000005c0000000,0x00000005c0008000,0x00000005d5580000)
 Metaspace       used 20424K, capacity 21130K, committed 21248K, reserved 1067008K
  class space    used 2521K, capacity 2719K, committed 2816K, reserved 1048576K

Deoptimization events (10 events):
Event: 1.356 Thread 0x00007fe253809000 Uncommon trap: reason=bimorphic action=maybe_recompile pc=0x000000010d1ff980 method=com.google.inject.internal.LinkedBindingImpl.acceptTargetVisitor(Lcom/google/inject/spi/BindingTargetVisitor;)Ljava/lang/Object; @ 2
Event: 1.356 Thread 0x00007fe253809000 Uncommon trap: reason=bimorphic action=maybe_recompile pc=0x000000010d1ff980 method=com.google.inject.internal.LinkedBindingImpl.acceptTargetVisitor(Lcom/google/inject/spi/BindingTargetVisitor;)Ljava/lang/Object; @ 2
Event: 1.363 Thread 0x00007fe253809000 Uncommon trap: reason=bimorphic action=maybe_recompile pc=0x000000010d1ff980 method=com.google.inject.internal.LinkedBindingImpl.acceptTargetVisitor(Lcom/google/inject/spi/BindingTargetVisitor;)Ljava/lang/Object; @ 2
Event: 1.363 Thread 0x00007fe253809000 Uncommon trap: reason=bimorphic action=maybe_recompile pc=0x000000010d1ff980 method=com.google.inject.internal.LinkedBindingImpl.acceptTargetVisitor(Lcom/google/inject/spi/BindingTargetVisitor;)Ljava/lang/Object; @ 2
Event: 1.399 Thread 0x00007fe253809000 Uncommon trap: reason=unstable_if action=reinterpret pc=0x000000010ce4f1d0 method=java.lang.AbstractStringBuilder.append(Ljava/lang/String;)Ljava/lang/AbstractStringBuilder; @ 1
Event: 1.440 Thread 0x00007fe253809000 Uncommon trap: reason=unstable_if action=reinterpret pc=0x000000010d4ae598 method=java.util.concurrent.ConcurrentHashMap.get(Ljava/lang/Object;)Ljava/lang/Object; @ 76
Event: 1.440 Thread 0x00007fe253809000 Uncommon trap: reason=class_check action=maybe_recompile pc=0x000000010cfb859c method=java.util.concurrent.ConcurrentHashMap.putVal(Ljava/lang/Object;Ljava/lang/Object;Z)Ljava/lang/Object; @ 192
Event: 1.466 Thread 0x00007fe253809000 Uncommon trap: reason=class_check action=maybe_recompile pc=0x000000010cfb859c method=java.util.concurrent.ConcurrentHashMap.putVal(Ljava/lang/Object;Ljava/lang/Object;Z)Ljava/lang/Object; @ 192
Event: 1.482 Thread 0x00007fe253809000 Uncommon trap: reason=unstable_if action=reinterpret pc=0x000000010d4809fc method=org.codehaus.plexus.util.xml.pull.MXParser.nextImpl()I @ 925
Event: 1.485 Thread 0x00007fe253809000 Uncommon trap: reason=unstable_if action=reinterpret pc=0x000000010d46ad60 method=org.apache.maven.model.io.xpp3.MavenXpp3Reader.nextTag(Lorg/codehaus/plexus/util/xml/pull/XmlPullParser;)I @ 9

Classes redefined (0 events):
No events

Internal exceptions (10 events):
Event: 0.360 Thread 0x00007fe253809000 Exception <a 'java/lang/NoSuchMethodError': java.lang.Object.lambda$comparing$ea9a8b3a$1(Ljava/util/Comparator;Ljava/util/function/Function;Ljava/lang/Object;Ljava/lang/Object;)I> (0x0000000716c1c658) thrown at [/System/Volumes/Data/jenkins/workspace/8-2-
Event: 0.360 Thread 0x00007fe253809000 Exception <a 'java/lang/NoSuchMethodError': java.lang.Object.lambda$thenComparing$36697e65$1(Ljava/util/Comparator;Ljava/lang/Object;Ljava/lang/Object;)I> (0x0000000716c24270) thrown at [/System/Volumes/Data/jenkins/workspace/8-2-build-macosx-x64-sans-NAS
Event: 0.404 Thread 0x00007fe253809000 Exception <a 'java/lang/NoClassDefFoundError': javax/enterprise/inject/Typed> (0x00000007170c9940) thrown at [/System/Volumes/Data/jenkins/workspace/8-2-build-macosx-x64-sans-NAS/jdk8u381/237/hotspot/src/share/vm/classfile/systemDictionary.cpp, line 202]
Event: 0.809 Thread 0x00007fe253809000 Implicit null exception at 0x000000010cf73fec to 0x000000010cf741d1
Event: 0.934 Thread 0x00007fe253809000 Exception <a 'java/lang/NoClassDefFoundError': com/google/inject/servlet/ServletModuleTargetVisitor> (0x000000071b4d2818) thrown at [/System/Volumes/Data/jenkins/workspace/8-2-build-macosx-x64-sans-NAS/jdk8u381/237/hotspot/src/share/vm/classfile/systemDic
Event: 0.934 Thread 0x00007fe253809000 Exception <a 'java/lang/NoClassDefFoundError'> (0x000000071b4d2818) thrown at [/System/Volumes/Data/jenkins/workspace/8-2-build-macosx-x64-sans-NAS/jdk8u381/237/hotspot/src/share/vm/prims/jvm.cpp, line 1517]
Event: 1.208 Thread 0x00007fe253809000 Implicit null exception at 0x000000010d37a48b to 0x000000010d37ae99
Event: 1.240 Thread 0x00007fe253809000 Implicit null exception at 0x000000010d0155b5 to 0x000000010d0157d9
Event: 1.242 Thread 0x00007fe253809000 Implicit null exception at 0x000000010ce2d2ef to 0x000000010ce2d359
Event: 1.399 Thread 0x00007fe253809000 Implicit null exception at 0x000000010ce4edf5 to 0x000000010ce4f1bd

Events (10 events):
Event: 1.490 Thread 0x00007fe253809000 DEOPT UNPACKING pc=0x000000010cc2c804 sp=0x000070000bd3f2c8 mode 0
Event: 1.490 Thread 0x00007fe253809000 DEOPT PACKING pc=0x000000010d41b54c sp=0x000070000bd3f470
Event: 1.490 Thread 0x00007fe253809000 DEOPT UNPACKING pc=0x000000010cc2c804 sp=0x000070000bd3f2a8 mode 0
Event: 1.490 Thread 0x00007fe253809000 DEOPT PACKING pc=0x000000010d41b54c sp=0x000070000bd3f600
Event: 1.490 Thread 0x00007fe253809000 DEOPT UNPACKING pc=0x000000010cc2c804 sp=0x000070000bd3f438 mode 0
Event: 1.490 Thread 0x00007fe253809000 DEOPT PACKING pc=0x000000010d41b54c sp=0x000070000bd3f3d0
Event: 1.490 Thread 0x00007fe253809000 DEOPT UNPACKING pc=0x000000010cc2c804 sp=0x000070000bd3f208 mode 0
Event: 1.490 Thread 0x00007fe253809000 DEOPT PACKING pc=0x000000010d41b54c sp=0x000070000bd3f660
Event: 1.491 Thread 0x00007fe253809000 DEOPT UNPACKING pc=0x000000010cc2c804 sp=0x000070000bd3f498 mode 0
Event: 1.503 Executing VM operation: CollectForMetadataAllocation


Dynamic libraries:
0x00007fff34a6e000 	/System/Library/Frameworks/Cocoa.framework/Versions/A/Cocoa
0x00007fff42265000 	/System/Library/Frameworks/Security.framework/Versions/A/Security
0x00007fff339d3000 	/System/Library/Frameworks/ApplicationServices.framework/Versions/A/ApplicationServices
0x00007fff6ed89000 	/usr/lib/libz.1.dylib
0x00007fff6c84d000 	/usr/lib/libSystem.B.dylib
0x00007fff35910000 	/System/Library/Frameworks/CoreFoundation.framework/Versions/A/CoreFoundation
0x00007fff37fcd000 	/System/Library/Frameworks/Foundation.framework/Versions/C/Foundation
0x00007fff6e6ad000 	/usr/lib/libobjc.A.dylib
0x00007fff32bc3000 	/System/Library/Frameworks/AppKit.framework/Versions/C/AppKit
0x00007fff353f2000 	/System/Library/Frameworks/CoreData.framework/Versions/A/CoreData
0x00007fff66862000 	/System/Library/PrivateFrameworks/UIFoundation.framework/Versions/A/UIFoundation
0x00007fff618f6000 	/System/Library/PrivateFrameworks/RemoteViewServices.framework/Versions/A/RemoteViewServices
0x00007fff693bd000 	/System/Library/PrivateFrameworks/XCTTargetBootstrap.framework/Versions/A/XCTTargetBootstrap
0x00007fff357dd000 	/System/Library/Frameworks/CoreDisplay.framework/Versions/A/CoreDisplay
0x00007fff3ae88000 	/System/Library/Frameworks/Metal.framework/Versions/A/Metal
0x00007fff4f8f9000 	/System/Library/PrivateFrameworks/DesktopServicesPriv.framework/Versions/A/DesktopServicesPriv
0x00007fff6d988000 	/usr/lib/liblangid.dylib
0x00007fff4eb8e000 	/System/Library/PrivateFrameworks/CoreSVG.framework/Versions/A/CoreSVG
0x00007fff64a52000 	/System/Library/PrivateFrameworks/SkyLight.framework/Versions/A/SkyLight
0x00007fff35d91000 	/System/Library/Frameworks/CoreGraphics.framework/Versions/A/CoreGraphics
0x00007fff31597000 	/System/Library/Frameworks/Accelerate.framework/Versions/A/Accelerate
0x00007fff6ec7a000 	/usr/lib/libxml2.2.dylib
0x00007fff5a881000 	/System/Library/PrivateFrameworks/IconServices.framework/Versions/A/IconServices
0x00007fff387ac000 	/System/Library/Frameworks/IOSurface.framework/Versions/A/IOSurface
0x00007fff6c377000 	/usr/lib/libDiagnosticMessagesClient.dylib
0x00007fff4f753000 	/System/Library/PrivateFrameworks/DFRFoundation.framework/Versions/A/DFRFoundation
0x00007fff6d717000 	/usr/lib/libicucore.A.dylib
0x00007fff33d05000 	/System/Library/Frameworks/AudioToolbox.framework/Versions/A/AudioToolbox
0x00007fff33de8000 	/System/Library/Frameworks/AudioUnit.framework/Versions/A/AudioUnit
0x00007fff6ca4f000 	/usr/lib/libauto.dylib
0x00007fff4f7f5000 	/System/Library/PrivateFrameworks/DataDetectorsCore.framework/Versions/A/DataDetectorsCore
0x00007fff3458f000 	/System/Library/Frameworks/Carbon.framework/Versions/A/Frameworks/HIToolbox.framework/Versions/A/HIToolbox
0x00007fff41461000 	/System/Library/Frameworks/QuartzCore.framework/Versions/A/QuartzCore
0x00007fff348ce000 	/System/Library/Frameworks/Carbon.framework/Versions/A/Frameworks/SpeechRecognition.framework/Versions/A/SpeechRecognition
0x00007fff4f267000 	/System/Library/PrivateFrameworks/CoreUI.framework/Versions/A/CoreUI
0x00007fff34e5d000 	/System/Library/Frameworks/CoreAudio.framework/Versions/A/CoreAudio
0x00007fff37c8c000 	/System/Library/Frameworks/DiskArbitration.framework/Versions/A/DiskArbitration
0x00007fff5c8d1000 	/System/Library/PrivateFrameworks/MultitouchSupport.framework/Versions/A/MultitouchSupport
0x00007fff6d5de000 	/usr/lib/libenergytrace.dylib
0x00007fff38706000 	/System/Library/Frameworks/IOKit.framework/Versions/A/IOKit
0x00007fff36cf8000 	/System/Library/Frameworks/CoreServices.framework/Versions/A/CoreServices
0x00007fff5ea89000 	/System/Library/PrivateFrameworks/PerformanceAnalysis.framework/Versions/A/PerformanceAnalysis
0x00007fff40494000 	/System/Library/Frameworks/OpenGL.framework/Versions/A/OpenGL
0x00007fff34a7c000 	/System/Library/Frameworks/ColorSync.framework/Versions/A/ColorSync
0x00007fff36414000 	/System/Library/Frameworks/CoreImage.framework/Versions/A/CoreImage
0x00007fff3776b000 	/System/Library/Frameworks/CoreText.framework/Versions/A/CoreText
0x00007fff3883c000 	/System/Library/Frameworks/ImageIO.framework/Versions/A/ImageIO
0x00007fff6cb33000 	/usr/lib/libc++.1.dylib
0x00007fff6cbaf000 	/usr/lib/libcompression.dylib
0x00007fff6c6bb000 	/usr/lib/libMobileGestalt.dylib
0x00007fff665cc000 	/System/Library/PrivateFrameworks/TextureIO.framework/Versions/A/TextureIO
0x00007fff6c9b2000 	/usr/lib/libate.dylib
0x00007fff5aa8a000 	/System/Library/PrivateFrameworks/InternationalSupport.framework/Versions/A/InternationalSupport
0x00007fff6f64a000 	/usr/lib/system/libcache.dylib
0x00007fff6f650000 	/usr/lib/system/libcommonCrypto.dylib
0x00007fff6f65c000 	/usr/lib/system/libcompiler_rt.dylib
0x00007fff6f664000 	/usr/lib/system/libcopyfile.dylib
0x00007fff6f66e000 	/usr/lib/system/libcorecrypto.dylib
0x00007fff6f80d000 	/usr/lib/system/libdispatch.dylib
0x00007fff6f84e000 	/usr/lib/system/libdyld.dylib
0x00007fff6f885000 	/usr/lib/system/libkeymgr.dylib
0x00007fff6f893000 	/usr/lib/system/liblaunch.dylib
0x00007fff6f894000 	/usr/lib/system/libmacho.dylib
0x00007fff6f89a000 	/usr/lib/system/libquarantine.dylib
0x00007fff6f89d000 	/usr/lib/system/libremovefile.dylib
0x00007fff6f89f000 	/usr/lib/system/libsystem_asl.dylib
0x00007fff6f8b7000 	/usr/lib/system/libsystem_blocks.dylib
0x00007fff6f8b8000 	/usr/lib/system/libsystem_c.dylib
0x00007fff6f940000 	/usr/lib/system/libsystem_configuration.dylib
0x00007fff6f944000 	/usr/lib/system/libsystem_coreservices.dylib
0x00007fff6f948000 	/usr/lib/system/libsystem_darwin.dylib
0x00007fff6f951000 	/usr/lib/system/libsystem_dnssd.dylib
0x00007fff6f959000 	/usr/lib/system/libsystem_featureflags.dylib
0x00007fff6f95b000 	/usr/lib/system/libsystem_info.dylib
0x00007fff6f9d6000 	/usr/lib/system/libsystem_m.dylib
0x00007fff6fa1e000 	/usr/lib/system/libsystem_malloc.dylib
0x00007fff6fa46000 	/usr/lib/system/libsystem_networkextension.dylib
0x00007fff6fa54000 	/usr/lib/system/libsystem_notify.dylib
0x00007fff6fa72000 	/usr/lib/system/libsystem_sandbox.dylib
0x00007fff6fa77000 	/usr/lib/system/libsystem_secinit.dylib
0x00007fff6f9a9000 	/usr/lib/system/libsystem_kernel.dylib
0x00007fff6fa5e000 	/usr/lib/system/libsystem_platform.dylib
0x00007fff6fa67000 	/usr/lib/system/libsystem_pthread.dylib
0x00007fff6fa7a000 	/usr/lib/system/libsystem_symptoms.dylib
0x00007fff6fa82000 	/usr/lib/system/libsystem_trace.dylib
0x00007fff6fa9a000 	/usr/lib/system/libunwind.dylib
0x00007fff6faa0000 	/usr/lib/system/libxpc.dylib
0x00007fff6cb86000 	/usr/lib/libc++abi.dylib
0x00007fff6d98a000 	/usr/lib/liblzma.5.dylib
0x00007fff6d605000 	/usr/lib/libfakelink.dylib
0x00007fff6c93f000 	/usr/lib/libarchive.2.dylib
0x00007fff43316000 	/System/Library/Frameworks/SystemConfiguration.framework/Versions/A/SystemConfiguration
0x00007fff6c2aa000 	/usr/lib/libCRFSuite.dylib
0x00007fff3417f000 	/System/Library/Frameworks/CFNetwork.framework/Versions/A/CFNetwork
0x00007fff6cb15000 	/usr/lib/libbsm.0.dylib
0x00007fff6f886000 	/usr/lib/system/libkxld.dylib
0x00007fff490d0000 	/System/Library/PrivateFrameworks/AppleFSCompression.framework/Versions/A/AppleFSCompression
0x00007fff6cea0000 	/usr/lib/libcoretls.dylib
0x00007fff6ceb7000 	/usr/lib/libcoretls_cfhelpers.dylib
0x00007fff6e6f3000 	/usr/lib/libpam.2.dylib
0x00007fff6e828000 	/usr/lib/libsqlite3.dylib
0x00007fff6ec67000 	/usr/lib/libxar.1.dylib
0x00007fff6cb26000 	/usr/lib/libbz2.1.0.dylib
0x00007fff6d626000 	/usr/lib/libiconv.2.dylib
0x00007fff6cb9c000 	/usr/lib/libcharset.1.dylib
0x00007fff6e190000 	/usr/lib/libnetwork.dylib
0x00007fff6e6fa000 	/usr/lib/libpcap.A.dylib
0x00007fff6c8f4000 	/usr/lib/libapple_nghttp2.dylib
0x00007fff370af000 	/System/Library/Frameworks/CoreServices.framework/Versions/A/Frameworks/FSEvents.framework/Versions/A/FSEvents
0x00007fff36d7f000 	/System/Library/Frameworks/CoreServices.framework/Versions/A/Frameworks/CarbonCore.framework/Versions/A/CarbonCore
0x00007fff372f3000 	/System/Library/Frameworks/CoreServices.framework/Versions/A/Frameworks/Metadata.framework/Versions/A/Metadata
0x00007fff3738c000 	/System/Library/Frameworks/CoreServices.framework/Versions/A/Frameworks/OSServices.framework/Versions/A/OSServices
0x00007fff373ba000 	/System/Library/Frameworks/CoreServices.framework/Versions/A/Frameworks/SearchKit.framework/Versions/A/SearchKit
0x00007fff36cf9000 	/System/Library/Frameworks/CoreServices.framework/Versions/A/Frameworks/AE.framework/Versions/A/AE
0x00007fff370b8000 	/System/Library/Frameworks/CoreServices.framework/Versions/A/Frameworks/LaunchServices.framework/Versions/A/LaunchServices
0x00007fff37061000 	/System/Library/Frameworks/CoreServices.framework/Versions/A/Frameworks/DictionaryServices.framework/Versions/A/DictionaryServices
0x00007fff37422000 	/System/Library/Frameworks/CoreServices.framework/Versions/A/Frameworks/SharedFileList.framework/Versions/A/SharedFileList
0x00007fff3c2b3000 	/System/Library/Frameworks/NetFS.framework/Versions/A/NetFS
0x00007fff5ce01000 	/System/Library/PrivateFrameworks/NetAuth.framework/Versions/A/NetAuth
0x00007fff6978a000 	/System/Library/PrivateFrameworks/login.framework/Versions/A/Frameworks/loginsupport.framework/Versions/A/loginsupport
0x00007fff66097000 	/System/Library/PrivateFrameworks/TCC.framework/Versions/A/TCC
0x00007fff4dd01000 	/System/Library/PrivateFrameworks/CoreNLP.framework/Versions/A/CoreNLP
0x00007fff5c2fe000 	/System/Library/PrivateFrameworks/MetadataUtilities.framework/Versions/A/MetadataUtilities
0x00007fff6da62000 	/usr/lib/libmecabra.dylib
0x00007fff6d9ba000 	/usr/lib/libmecab.dylib
0x00007fff6d616000 	/usr/lib/libgermantok.dylib
0x00007fff6c8db000 	/usr/lib/libThaiTokenizer.dylib
0x00007fff6c2e1000 	/usr/lib/libChineseTokenizer.dylib
0x00007fff315af000 	/System/Library/Frameworks/Accelerate.framework/Versions/A/Frameworks/vImage.framework/Versions/A/vImage
0x00007fff32a19000 	/System/Library/Frameworks/Accelerate.framework/Versions/A/Frameworks/vecLib.framework/Versions/A/vecLib
0x00007fff32956000 	/System/Library/Frameworks/Accelerate.framework/Versions/A/Frameworks/vecLib.framework/Versions/A/libvMisc.dylib
0x00007fff3277e000 	/System/Library/Frameworks/Accelerate.framework/Versions/A/Frameworks/vecLib.framework/Versions/A/libvDSP.dylib
0x00007fff31c06000 	/System/Library/Frameworks/Accelerate.framework/Versions/A/Frameworks/vecLib.framework/Versions/A/libBLAS.dylib
0x00007fff32342000 	/System/Library/Frameworks/Accelerate.framework/Versions/A/Frameworks/vecLib.framework/Versions/A/libLAPACK.dylib
0x00007fff326de000 	/System/Library/Frameworks/Accelerate.framework/Versions/A/Frameworks/vecLib.framework/Versions/A/libLinearAlgebra.dylib
0x00007fff3276b000 	/System/Library/Frameworks/Accelerate.framework/Versions/A/Frameworks/vecLib.framework/Versions/A/libSparseBLAS.dylib
0x00007fff326f4000 	/System/Library/Frameworks/Accelerate.framework/Versions/A/Frameworks/vecLib.framework/Versions/A/libQuadrature.dylib
0x00007fff31e6e000 	/System/Library/Frameworks/Accelerate.framework/Versions/A/Frameworks/vecLib.framework/Versions/A/libBNNS.dylib
0x00007fff326fa000 	/System/Library/Frameworks/Accelerate.framework/Versions/A/Frameworks/vecLib.framework/Versions/A/libSparse.dylib
0x00007fff5ae72000 	/System/Library/PrivateFrameworks/LanguageModeling.framework/Versions/A/LanguageModeling
0x00007fff4d6b1000 	/System/Library/PrivateFrameworks/CoreEmoji.framework/Versions/A/CoreEmoji
0x00007fff5af90000 	/System/Library/PrivateFrameworks/LinguisticData.framework/Versions/A/LinguisticData
0x00007fff5af41000 	/System/Library/PrivateFrameworks/Lexicon.framework/Versions/A/Lexicon
0x00007fff6cb9d000 	/usr/lib/libcmph.dylib
0x00007fff3eea2000 	/System/Library/Frameworks/OpenDirectory.framework/Versions/A/Frameworks/CFOpenDirectory.framework/Versions/A/CFOpenDirectory
0x00007fff3eebf000 	/System/Library/Frameworks/OpenDirectory.framework/Versions/A/OpenDirectory
0x00007fff47300000 	/System/Library/PrivateFrameworks/APFS.framework/Versions/A/APFS
0x00007fff425af000 	/System/Library/Frameworks/SecurityFoundation.framework/Versions/A/SecurityFoundation
0x00007fff6ec63000 	/usr/lib/libutil.dylib
0x00007fff4ebe6000 	/System/Library/PrivateFrameworks/CoreServicesStore.framework/Versions/A/CoreServicesStore
0x00007fff42666000 	/System/Library/Frameworks/ServiceManagement.framework/Versions/A/ServiceManagement
0x00007fff4a8a0000 	/System/Library/PrivateFrameworks/BackgroundTaskManagement.framework/Versions/A/BackgroundTaskManagement
0x00007fff6ed60000 	/usr/lib/libxslt.1.dylib
0x00007fff49743000 	/System/Library/PrivateFrameworks/AppleSystemInfo.framework/Versions/A/AppleSystemInfo
0x00007fff38a57000 	/System/Library/Frameworks/ImageIO.framework/Versions/A/Resources/libJPEG.dylib
0x00007fff38d16000 	/System/Library/Frameworks/ImageIO.framework/Versions/A/Resources/libTIFF.dylib
0x00007fff38cf9000 	/System/Library/Frameworks/ImageIO.framework/Versions/A/Resources/libPng.dylib
0x00007fff38999000 	/System/Library/Frameworks/ImageIO.framework/Versions/A/Resources/libGIF.dylib
0x00007fff3899d000 	/System/Library/Frameworks/ImageIO.framework/Versions/A/Resources/libJP2.dylib
0x00007fff38d14000 	/System/Library/Frameworks/ImageIO.framework/Versions/A/Resources/libRadiance.dylib
0x00007fff6d5df000 	/usr/lib/libexpat.1.dylib
0x00007fff4922b000 	/System/Library/PrivateFrameworks/AppleJPEG.framework/Versions/A/AppleJPEG
0x00007fff51ee6000 	/System/Library/PrivateFrameworks/FontServices.framework/libFontParser.dylib
0x00007fff6878c000 	/System/Library/PrivateFrameworks/WatchdogClient.framework/Versions/A/WatchdogClient
0x00007fff5a4cd000 	/System/Library/PrivateFrameworks/IOAccelerator.framework/Versions/A/IOAccelerator
0x00007fff3b223000 	/System/Library/Frameworks/MetalPerformanceShaders.framework/Versions/A/MetalPerformanceShaders
0x00007fff56c63000 	/System/Library/PrivateFrameworks/GPUWrangler.framework/Versions/A/GPUWrangler
0x00007fff5a4e2000 	/System/Library/PrivateFrameworks/IOPresentment.framework/Versions/A/IOPresentment
0x00007fff4f766000 	/System/Library/PrivateFrameworks/DSExternalDisplay.framework/Versions/A/DSExternalDisplay
0x00007fff3f833000 	/System/Library/Frameworks/OpenGL.framework/Versions/A/Libraries/libCoreFSCache.dylib
0x00007fff3af6f000 	/System/Library/Frameworks/MetalPerformanceShaders.framework/Frameworks/MPSCore.framework/Versions/A/MPSCore
0x00007fff3afad000 	/System/Library/Frameworks/MetalPerformanceShaders.framework/Frameworks/MPSImage.framework/Versions/A/MPSImage
0x00007fff3b074000 	/System/Library/Frameworks/MetalPerformanceShaders.framework/Frameworks/MPSNeuralNetwork.framework/Versions/A/MPSNeuralNetwork
0x00007fff3b038000 	/System/Library/Frameworks/MetalPerformanceShaders.framework/Frameworks/MPSMatrix.framework/Versions/A/MPSMatrix
0x00007fff3b1d3000 	/System/Library/Frameworks/MetalPerformanceShaders.framework/Frameworks/MPSRayIntersector.framework/Versions/A/MPSRayIntersector
0x00007fff3b05e000 	/System/Library/Frameworks/MetalPerformanceShaders.framework/Frameworks/MPSNDArray.framework/Versions/A/MPSNDArray
0x00007fff5c34b000 	/System/Library/PrivateFrameworks/MetalTools.framework/Versions/A/MetalTools
0x00007fff484da000 	/System/Library/PrivateFrameworks/AggregateDictionary.framework/Versions/A/AggregateDictionary
0x00007fff4d0f9000 	/System/Library/PrivateFrameworks/CoreAnalytics.framework/Versions/A/CoreAnalytics
0x00007fff49662000 	/System/Library/PrivateFrameworks/AppleSauce.framework/Versions/A/AppleSauce
0x00007fff6c59d000 	/usr/lib/libIOReport.dylib
0x00007fff37923000 	/System/Library/Frameworks/CoreVideo.framework/Versions/A/CoreVideo
0x00007fff580dc000 	/System/Library/PrivateFrameworks/GraphVisualizer.framework/Versions/A/GraphVisualizer
0x00007fff5142c000 	/System/Library/PrivateFrameworks/FaceCore.framework/Versions/A/FaceCore
0x00007fff3ee49000 	/System/Library/Frameworks/OpenCL.framework/Versions/A/OpenCL
0x00007fff6c3bf000 	/usr/lib/libFosl_dynamic.dylib
0x00007fff5d821000 	/System/Library/PrivateFrameworks/OTSVG.framework/Versions/A/OTSVG
0x00007fff33ad8000 	/System/Library/Frameworks/ApplicationServices.framework/Versions/A/Frameworks/ATS.framework/Versions/A/Resources/libFontRegistry.dylib
0x00007fff520b7000 	/System/Library/PrivateFrameworks/FontServices.framework/libhvf.dylib
0x00007fff3f83e000 	/System/Library/Frameworks/OpenGL.framework/Versions/A/Libraries/libGFXShared.dylib
0x00007fff3fa1c000 	/System/Library/Frameworks/OpenGL.framework/Versions/A/Libraries/libGLU.dylib
0x00007fff3f847000 	/System/Library/Frameworks/OpenGL.framework/Versions/A/Libraries/libGL.dylib
0x00007fff3f852000 	/System/Library/Frameworks/OpenGL.framework/Versions/A/Libraries/libGLImage.dylib
0x00007fff3f830000 	/System/Library/Frameworks/OpenGL.framework/Versions/A/Libraries/libCVMSPluginSupport.dylib
0x00007fff3f839000 	/System/Library/Frameworks/OpenGL.framework/Versions/A/Libraries/libCoreVMClient.dylib
0x00007fff6e031000 	/usr/lib/libncurses.5.4.dylib
0x00007fff339d4000 	/System/Library/Frameworks/ApplicationServices.framework/Versions/A/Frameworks/ATS.framework/Versions/A/ATS
0x00007fff33ba1000 	/System/Library/Frameworks/ApplicationServices.framework/Versions/A/Frameworks/ColorSyncLegacy.framework/Versions/A/ColorSyncLegacy
0x00007fff33c3f000 	/System/Library/Frameworks/ApplicationServices.framework/Versions/A/Frameworks/HIServices.framework/Versions/A/HIServices
0x00007fff33c97000 	/System/Library/Frameworks/ApplicationServices.framework/Versions/A/Frameworks/LangAnalysis.framework/Versions/A/LangAnalysis
0x00007fff33ca6000 	/System/Library/Frameworks/ApplicationServices.framework/Versions/A/Frameworks/PrintCore.framework/Versions/A/PrintCore
0x00007fff33cec000 	/System/Library/Frameworks/ApplicationServices.framework/Versions/A/Frameworks/QD.framework/Versions/A/QD
0x00007fff33cf7000 	/System/Library/Frameworks/ApplicationServices.framework/Versions/A/Frameworks/SpeechSynthesis.framework/Versions/A/SpeechSynthesis
0x00007fff33b71000 	/System/Library/Frameworks/ApplicationServices.framework/Versions/A/Frameworks/ATSUI.framework/Versions/A/ATSUI
0x00007fff6d475000 	/usr/lib/libcups.2.dylib
0x00007fff3a2be000 	/System/Library/Frameworks/Kerberos.framework/Versions/A/Kerberos
0x00007fff383ff000 	/System/Library/Frameworks/GSS.framework/Versions/A/GSS
0x00007fff6e7b4000 	/usr/lib/libresolv.9.dylib
0x00007fff58289000 	/System/Library/PrivateFrameworks/Heimdal.framework/Versions/A/Heimdal
0x00007fff3a2d1000 	/System/Library/Frameworks/Kerberos.framework/Versions/A/Libraries/libHeimdalProxy.dylib
0x00007fff6d61c000 	/usr/lib/libheimdal-asn1.dylib
0x00007fff4c591000 	/System/Library/PrivateFrameworks/CommonAuth.framework/Versions/A/CommonAuth
0x00007fff497e0000 	/System/Library/PrivateFrameworks/AssertionServices.framework/Versions/A/AssertionServices
0x00007fff4a383000 	/System/Library/PrivateFrameworks/AudioToolboxCore.framework/Versions/A/AudioToolboxCore
0x00007fff6943a000 	/System/Library/PrivateFrameworks/caulk.framework/Versions/A/caulk
0x00007fff4a94c000 	/System/Library/PrivateFrameworks/BaseBoard.framework/Versions/A/BaseBoard
0x00007fff61a84000 	/System/Library/PrivateFrameworks/RunningBoardServices.framework/Versions/A/RunningBoardServices
0x00007fff5ea95000 	/System/Library/PrivateFrameworks/PersistentConnection.framework/Versions/A/PersistentConnection
0x00007fff6147d000 	/System/Library/PrivateFrameworks/ProtocolBuffer.framework/Versions/A/ProtocolBuffer
0x00007fff4c5b5000 	/System/Library/PrivateFrameworks/CommonUtilities.framework/Versions/A/CommonUtilities
0x00007fff4aada000 	/System/Library/PrivateFrameworks/Bom.framework/Versions/A/Bom
0x00007fff6c270000 	/usr/lib/libAudioToolboxUtility.dylib
0x00007fff4a8aa000 	/System/Library/PrivateFrameworks/Backup.framework/Versions/A/Backup
0x00007fff4f687000 	/System/Library/PrivateFrameworks/CrashReporterSupport.framework/Versions/A/CrashReporterSupport
0x00007fff63516000 	/System/Library/PrivateFrameworks/Sharing.framework/Versions/A/Sharing
0x00007fff48dee000 	/System/Library/PrivateFrameworks/Apple80211.framework/Versions/A/Apple80211
0x00007fff4a5c7000 	/System/Library/PrivateFrameworks/AuthKit.framework/Versions/A/AuthKit
0x00007fff4f394000 	/System/Library/PrivateFrameworks/CoreUtils.framework/Versions/A/CoreUtils
0x00007fff37968000 	/System/Library/Frameworks/CoreWLAN.framework/Versions/A/CoreWLAN
0x00007fff3858c000 	/System/Library/Frameworks/IOBluetooth.framework/Versions/A/IOBluetooth
0x00007fff5c650000 	/System/Library/PrivateFrameworks/MobileKeyBag.framework/Versions/A/MobileKeyBag
0x00007fff4e199000 	/System/Library/PrivateFrameworks/CorePhoneNumbers.framework/Versions/A/CorePhoneNumbers
0x00007fff491de000 	/System/Library/PrivateFrameworks/AppleIDAuthSupport.framework/Versions/A/AppleIDAuthSupport
0x00007fff3c2c0000 	/System/Library/Frameworks/Network.framework/Versions/A/Network
0x00007fff5ad1e000 	/System/Library/PrivateFrameworks/KeychainCircle.framework/Versions/A/KeychainCircle
0x00007fff353b9000 	/System/Library/Frameworks/CoreBluetooth.framework/Versions/A/CoreBluetooth
0x00007fff65595000 	/System/Library/PrivateFrameworks/SpeechRecognitionCore.framework/Versions/A/SpeechRecognitionCore
0x0000000107a00000 	/Library/Java/JavaVirtualMachines/jdk-1.8.jdk/Contents/Home/jre/lib/server/libjvm.dylib
0x000000010606c000 	/Library/Java/JavaVirtualMachines/jdk-1.8.jdk/Contents/Home/jre/lib/libverify.dylib
0x000000010607e000 	/Library/Java/JavaVirtualMachines/jdk-1.8.jdk/Contents/Home/jre/lib/libjava.dylib
0x00000001060fc000 	/Library/Java/JavaVirtualMachines/jdk-1.8.jdk/Contents/Home/jre/lib/libzip.dylib
0x00000001061be000 	/Library/Java/JavaVirtualMachines/jdk-1.8.jdk/Contents/Home/jre/lib/libnio.dylib
0x00000001061d0000 	/Library/Java/JavaVirtualMachines/jdk-1.8.jdk/Contents/Home/jre/lib/libnet.dylib
0x000000010c149000 	/private/var/folders/bw/c4k0c9qs67gfjpq8q6hs8z4m0000gn/T/jansi-2.4.0-1f15541bf19476f4-libjansi.jnilib

VM Arguments:
jvm_args: -Dclassworlds.conf=/Users/carpediem/Documents/apache-maven-3.9.6/bin/m2.conf -Dmaven.home=/Users/carpediem/Documents/apache-maven-3.9.6 -Dlibrary.jansi.path=/Users/carpediem/Documents/apache-maven-3.9.6/lib/jansi-native -Dmaven.multiModuleProjectDirectory=/Users/carpediem/Desktop/SLR/SLR-210/synod 
java_command: org.codehaus.plexus.classworlds.launcher.Launcher compile -f /Users/carpediem/Desktop/SLR/SLR-210/synod/pom.xml
java_class_path (initial): /Users/carpediem/Documents/apache-maven-3.9.6/boot/plexus-classworlds-2.7.0.jar
Launcher Type: SUN_STANDARD

Environment Variables:
JAVA_HOME=/Library/Java/JavaVirtualMachines/jdk-1.8.jdk/Contents/Home
PATH=/Applications/CMake.app/Contents/bin:/Users/carpediem/Documents/apache-maven-3.9.6/bin:/usr/local/bin:/usr/local/apache-ant/bin:/usr/local/bin:/usr/bin:/bin:/usr/sbin:/sbin:/opt/local/bin:/opt/local/sbin:/Applications/CMake.app/Contents/bin:/Users/carpediem/Documents/apache-maven-3.9.6/bin:/usr/local/apache-ant/bin
SHELL=/bin/bash

Signal Handlers:
SIGSEGV: [libjvm.dylib+0x5a3a29], sa_mask[0]=11111111011111110111111111111111, sa_flags=SA_ONSTACK|SA_RESTART|SA_SIGINFO
SIGBUS: [libjvm.dylib+0x5a3a29], sa_mask[0]=11111111011111110111111111111111, sa_flags=SA_RESTART|SA_SIGINFO
SIGFPE: [libjvm.dylib+0x5a3a29], sa_mask[0]=11111111011111110111111111111111, sa_flags=SA_RESTART|SA_SIGINFO
SIGPIPE: [libjvm.dylib+0x4970a2], sa_mask[0]=11111111011111110111111111111111, sa_flags=SA_RESTART|SA_SIGINFO
SIGXFSZ: [libjvm.dylib+0x4970a2], sa_mask[0]=11111111011111110111111111111111, sa_flags=SA_RESTART|SA_SIGINFO
SIGILL: [libjvm.dylib+0x5a3a29], sa_mask[0]=11111111011111110111111111111111, sa_flags=SA_RESTART|SA_SIGINFO
SIGUSR1: SIG_DFL, sa_mask[0]=11011111011111100000000111000110, sa_flags=none
SIGUSR2: [libjvm.dylib+0x4976c6], sa_mask[0]=00000000000000000000000000000000, sa_flags=SA_RESTART|SA_SIGINFO
SIGHUP: [libjvm.dylib+0x49585f], sa_mask[0]=11111111011111110111111111111111, sa_flags=SA_RESTART|SA_SIGINFO
SIGINT: [libjvm.dylib+0x49585f], sa_mask[0]=11111111011111110111111111111111, sa_flags=SA_RESTART|SA_SIGINFO
SIGTERM: [libjvm.dylib+0x49585f], sa_mask[0]=11111111011111110111111111111111, sa_flags=SA_RESTART|SA_SIGINFO
SIGQUIT: [libjvm.dylib+0x49585f], sa_mask[0]=11111111011111110111111111111111, sa_flags=SA_RESTART|SA_SIGINFO


---------------  S Y S T E M  ---------------

OS:Bsduname:Darwin 19.6.0 Darwin Kernel Version 19.6.0: Thu Oct 29 22:56:45 PDT 2020; root:xnu-6153.141.2.2~1/RELEASE_X86_64 x86_64
rlimit: STACK 8192k, CORE 0k, NPROC 5568, NOFILE 10240, AS infinity
load average:3.32 1.77 1.43

CPU:total 12 (initial active 12) (6 cores per cpu, 2 threads per core) family 6 model 158 stepping 10, cmov, cx8, fxsr, mmx, sse, sse2, sse3, ssse3, sse4.1, sse4.2, popcnt, avx, avx2, aes, clmul, erms, 3dnowpref, lzcnt, ht, tsc, tscinvbit, bmi1, bmi2, adx

Memory: 4k page, physical 33554432k(1351892k free)

/proc/meminfo:


vm_info: Java HotSpot(TM) 64-Bit Server VM (25.381-b09) for bsd-amd64 JRE (1.8.0_381-b09), built on Jun 14 2023 14:46:03 by "java_re" with gcc 4.2.1 Compatible Apple LLVM 11.0.0 (clang-1100.0.33.17)

time: Mon Mar  4 16:52:13 2024
timezone: CET
elapsed time: 1.523480 seconds (0d 0h 0m 1s)

