18:20:35.479 [system-akka.actor.default-dispatcher-5] INFO akka.event.slf4j.Slf4jLogger - Slf4jLogger started
18:20:35.592 [system-akka.actor.default-dispatcher-6] INFO akka.actor.ActorSystemImpl - System started with N=3
18:20:35.595 [system-akka.actor.default-dispatcher-6] INFO akka.actor.ActorSystemImpl - System started with tle=500
18:20:35.595 [system-akka.actor.default-dispatcher-6] INFO com.example.synod.Process - Process #1 - membership received
18:20:35.595 [system-akka.actor.default-dispatcher-6] INFO com.example.synod.Process - Process #1 - launch received
18:20:35.595 [system-akka.actor.default-dispatcher-6] INFO com.example.synod.Process - Process #0 - membership received
The new LEADER will be: p$c
18:20:35.596 [system-akka.actor.default-dispatcher-6] INFO com.example.synod.Process - Process #2 - membership received
18:20:35.596 [system-akka.actor.default-dispatcher-6] INFO com.example.synod.Process - Process #0 - launch received
18:20:35.596 [system-akka.actor.default-dispatcher-6] INFO com.example.synod.Process - Process #2 - launch received
18:20:35.596 [system-akka.actor.default-dispatcher-6] INFO com.example.synod.Process - Process #1 - propose(1)
18:20:35.597 [system-akka.actor.default-dispatcher-6] INFO com.example.synod.Process - Process #2 - propose(0)
18:20:35.597 [system-akka.actor.default-dispatcher-6] INFO com.example.synod.Process - Process #0 - propose(0)
18:20:35.606 [system-akka.actor.default-dispatcher-7] INFO com.example.synod.Process - Read ballot 1 msg: Process #1 -> Actor[akka://system/user/$a#-567883960]
18:20:35.606 [system-akka.actor.default-dispatcher-7] INFO com.example.synod.Process - Read ballot 1 msg: Process #1 -> Actor[akka://system/user/$c#-817217013]
18:20:35.607 [system-akka.actor.default-dispatcher-7] INFO com.example.synod.Process - Read ballot 0 msg: Process #0 -> Actor[akka://system/user/$c#-817217013]
18:20:35.607 [system-akka.actor.default-dispatcher-7] INFO com.example.synod.Process - Read ballot 0 msg: Process #0 -> Actor[akka://system/user/$b#-858068635]
18:20:35.607 [system-akka.actor.default-dispatcher-7] INFO com.example.synod.Process - Process #1 - read received
18:20:35.607 [system-akka.actor.default-dispatcher-7] INFO com.example.synod.Process - Process #1 - sending GATHER message (0, -2, -1) to $a
18:20:35.610 [system-akka.actor.default-dispatcher-7] INFO com.example.synod.Process - Read ballot 2 msg: Process #2 -> Actor[akka://system/user/$a#-567883960]
18:20:35.610 [system-akka.actor.default-dispatcher-7] INFO com.example.synod.Process - Process #0 - crash received
18:20:35.611 [system-akka.actor.default-dispatcher-7] INFO com.example.synod.Process - Read ballot 2 msg: Process #2 -> Actor[akka://system/user/$b#-858068635]
18:20:35.611 [system-akka.actor.default-dispatcher-7] INFO com.example.synod.Process - Process #2 - read received
18:20:35.613 [system-akka.actor.default-dispatcher-6] INFO com.example.synod.Process - Process #2 - sending GATHER message (0, -1, -1) to $a
18:20:35.613 [system-akka.actor.default-dispatcher-6] INFO com.example.synod.Process - Process #0 - read received
18:20:35.613 [system-akka.actor.default-dispatcher-6] INFO com.example.synod.Process - Process #2 - read received
18:20:35.613 [system-akka.actor.default-dispatcher-6] INFO com.example.synod.Process - Process #2 - sending GATHER message (1, -1, -1) to $b
18:20:35.613 [system-akka.actor.default-dispatcher-6] INFO com.example.synod.Process - Process #1 - read received
18:20:35.613 [system-akka.actor.default-dispatcher-6] INFO com.example.synod.Process - Process #1 - sending GATHER message (2, -2, -1) to $c
18:20:35.613 [system-akka.actor.default-dispatcher-6] INFO com.example.synod.Process - Process #0 - sending GATHER message (1, -3, -1) to $b
18:20:35.613 [system-akka.actor.default-dispatcher-6] INFO com.example.synod.Process - Process #2 - gather received
18:20:35.614 [system-akka.actor.default-dispatcher-6] INFO com.example.synod.Process - Process #0 - read received
18:20:35.614 [system-akka.actor.default-dispatcher-6] INFO com.example.synod.Process - Process #0 - sending GATHER message (2, -3, -1) to $c
18:20:35.614 [system-akka.actor.default-dispatcher-6] INFO com.example.synod.Process - Process #2 - impose received
18:20:35.614 [system-akka.actor.default-dispatcher-6] INFO com.example.synod.Process - Process #2 - sending ACK message (2) to $c
18:20:35.614 [system-akka.actor.default-dispatcher-6] INFO com.example.synod.Process - Process #0 - gather received
18:20:35.614 [system-akka.actor.default-dispatcher-6] INFO com.example.synod.Process - Process #1 - gather received
18:20:35.614 [system-akka.actor.default-dispatcher-6] INFO com.example.synod.Process - Process #2 - gather received
18:20:35.614 [system-akka.actor.default-dispatcher-6] INFO com.example.synod.Process - Process #0 - gather received
18:20:35.614 [system-akka.actor.default-dispatcher-6] INFO com.example.synod.Process - Process #2 - ack received
18:20:35.614 [system-akka.actor.default-dispatcher-6] INFO com.example.synod.Process - Process #1 - gather received
18:20:35.615 [system-akka.actor.default-dispatcher-6] INFO com.example.synod.Process - Process #2 received ACK from a majority (b=2)
18:20:35.615 [system-akka.actor.default-dispatcher-6] INFO com.example.synod.Process - Process #0 - impose received
18:20:35.615 [system-akka.actor.default-dispatcher-6] INFO com.example.synod.Process - Process #0 - sending ACK message (2) to $c
18:20:35.615 [system-akka.actor.default-dispatcher-6] INFO com.example.synod.Process - Process #1 - impose received
18:20:35.615 [system-akka.actor.default-dispatcher-6] INFO com.example.synod.Process - Process #2 - impose received
18:20:35.615 [system-akka.actor.default-dispatcher-6] INFO com.example.synod.Process - Process #1 - sending ACK message (2) to $c
18:20:35.615 [system-akka.actor.default-dispatcher-6] INFO com.example.synod.Process - Process #2 - sending ABORT message (0) to $a
18:20:35.615 [system-akka.actor.default-dispatcher-6] INFO com.example.synod.Process - Process #0 - impose received
18:20:35.615 [system-akka.actor.default-dispatcher-6] INFO com.example.synod.Process - Process #0 - sending ABORT message (0) to $a
18:20:35.615 [system-akka.actor.default-dispatcher-6] INFO com.example.synod.Process - Process #1 - impose received
18:20:35.615 [system-akka.actor.default-dispatcher-6] INFO com.example.synod.Process - Process #1 - sending ABORT message (0) to $a
18:20:35.615 [system-akka.actor.default-dispatcher-6] INFO com.example.synod.Process - Process #0 - impose received
18:20:35.615 [system-akka.actor.default-dispatcher-6] INFO com.example.synod.Process - Process #0 - sending ACK message (2) to $c
18:20:35.615 [system-akka.actor.default-dispatcher-6] INFO com.example.synod.Process - Process #0 - impose received
18:20:35.615 [system-akka.actor.default-dispatcher-6] INFO com.example.synod.Process - Process #0 - sending ABORT message (1) to $b
18:20:35.615 [system-akka.actor.default-dispatcher-6] INFO com.example.synod.Process - Process #0 - impose received
18:20:35.615 [system-akka.actor.default-dispatcher-6] INFO com.example.synod.Process - Process #0 - sending ABORT message (0) to $a
18:20:35.615 [system-akka.actor.default-dispatcher-6] INFO com.example.synod.Process - Process #0 - impose received
18:20:35.615 [system-akka.actor.default-dispatcher-6] INFO com.example.synod.Process - Process #0 - sending ABORT message (1) to $b
18:20:35.615 [system-akka.actor.default-dispatcher-6] INFO com.example.synod.Process - Process #0 - decide received
18:20:35.615 [system-akka.actor.default-dispatcher-6] INFO com.example.synod.Process - Process #1 - impose received
18:20:35.615 [system-akka.actor.default-dispatcher-6] INFO com.example.synod.Process - Process #1 - sending ACK message (2) to $c
18:20:35.615 [system-akka.actor.default-dispatcher-6] INFO com.example.synod.Process - Process #2 - impose received
18:20:35.616 [system-akka.actor.default-dispatcher-6] INFO com.example.synod.Process - Process #1 - impose received
18:20:35.616 [system-akka.actor.default-dispatcher-6] INFO com.example.synod.Process - Process #0 decided received from pActor[akka://system/user/$c#-817217013] (value=0) | time: 19
18:20:35.618 [system-akka.actor.default-dispatcher-6] INFO com.example.synod.Process - Process #2 - sending ACK message (2) to $c
18:20:35.620 [system-akka.actor.default-dispatcher-6] INFO com.example.synod.Process - Process #1 - sending ABORT message (1) to $b
18:20:35.620 [system-akka.actor.default-dispatcher-6] INFO com.example.synod.Process - Process #1 - impose received
18:20:35.620 [system-akka.actor.default-dispatcher-6] INFO com.example.synod.Process - Process #2 - impose received
18:20:35.620 [system-akka.actor.default-dispatcher-6] INFO com.example.synod.Process - Process #1 - sending ABORT message (0) to $a
18:20:35.620 [system-akka.actor.default-dispatcher-6] INFO com.example.synod.Process - Process #2 - sending ABORT message (1) to $b
18:20:35.620 [system-akka.actor.default-dispatcher-6] INFO com.example.synod.Process - Process #2 - impose received
18:20:35.620 [system-akka.actor.default-dispatcher-6] INFO com.example.synod.Process - Process #2 - sending ABORT message (0) to $a
18:20:35.620 [system-akka.actor.default-dispatcher-6] INFO com.example.synod.Process - Process #1 - impose received
18:20:35.620 [system-akka.actor.default-dispatcher-6] INFO com.example.synod.Process - Process #1 - sending ABORT message (1) to $b
18:20:35.620 [system-akka.actor.default-dispatcher-6] INFO com.example.synod.Process - Process #2 - impose received
18:20:35.620 [system-akka.actor.default-dispatcher-6] INFO com.example.synod.Process - Process #2 - sending ABORT message (1) to $b
18:20:35.620 [system-akka.actor.default-dispatcher-6] INFO com.example.synod.Process - Process #2 - decide received
18:20:35.620 [system-akka.actor.default-dispatcher-6] INFO com.example.synod.Process - Process #1 - decide received
18:20:35.620 [system-akka.actor.default-dispatcher-6] INFO com.example.synod.Process - Process #1 decided received from pActor[akka://system/user/$c#-817217013] (value=0) | time: 22
18:20:35.620 [system-akka.actor.default-dispatcher-6] INFO com.example.synod.Process - Process #2 decided received from pActor[akka://system/user/$c#-817217013] (value=0) | time: 22
